<?xml version="1.0" encoding="UTF-8"?>
<testng-results ignored="0" total="2" passed="2" failed="0" skipped="0">
  <reporter-output>
  </reporter-output>
  <suite started-at="2022-03-31T23:40:50 PET" name="Command line suite" finished-at="2022-03-31T23:40:50 PET" duration-ms="13">
    <groups>
    </groups>
    <test started-at="2022-03-31T23:40:50 PET" name="Command line test" finished-at="2022-03-31T23:40:50 PET" duration-ms="13">
      <class name="lab.ManageDemandTest">
        <test-method is-config="true" signature="setup()[pri:0, instance:lab.ManageDemandTest@3c9d0b9d]" started-at="2022-03-31T23:40:50 PET" name="setup" finished-at="2022-03-31T23:40:50 PET" duration-ms="4" status="PASS">
          <reporter-output>
          </reporter-output>
        </test-method> <!-- setup -->
        <test-method signature="test_AllOrdersColombia()[pri:0, instance:lab.ManageDemandTest@3c9d0b9d]" started-at="2022-03-31T23:40:50 PET" name="test_AllOrdersColombia" finished-at="2022-03-31T23:40:50 PET" duration-ms="2" status="PASS">
          <reporter-output>
          </reporter-output>
        </test-method> <!-- test_AllOrdersColombia -->
        <test-method signature="test_AllOrdersFromPeru()[pri:0, instance:lab.ManageDemandTest@3c9d0b9d]" started-at="2022-03-31T23:40:50 PET" name="test_AllOrdersFromPeru" finished-at="2022-03-31T23:40:50 PET" duration-ms="0" status="PASS">
          <reporter-output>
          </reporter-output>
        </test-method> <!-- test_AllOrdersFromPeru -->
      </class> <!-- lab.ManageDemandTest -->
    </test> <!-- Command line test -->
  </suite> <!-- Command line suite -->
</testng-results>
